2020-05-03 18:01:13,434 - Notifications_bot.WARNING: Wrong code from 888848705
2020-05-03 18:01:26,589 - Notifications_bot.INFO: <User 1 ilya-vodopyanov> was just notified that text
2020-05-03 18:01:26,589 - Notifications_bot.INFO: <User 1 ilya-vodopyanov> was just notified that text
2020-05-03 18:01:26,589 - Notifications_bot.INFO: <User 1 ilya-vodopyanov> was just notified that text
2020-05-03 18:02:35,271 - Notifications_bot.INFO: <User 1 ilya-vodopyanov> was just notified that text
2020-05-03 18:02:45,988 - Notifications_bot.INFO: <User 1 ilya-vodopyanov> was just notified that new text
2020-05-03 18:02:45,988 - Notifications_bot.INFO: <User 1 ilya-vodopyanov> was just notified that new text
2020-05-03 18:04:12,378 - Notifications_bot.INFO: <User 1 ilya-vodopyanov> was just notified that new text
2020-05-03 18:04:12,378 - Notifications_bot.INFO: <User 1 ilya-vodopyanov> was just notified that new text
2020-05-03 18:04:12,378 - Notifications_bot.INFO: <User 1 ilya-vodopyanov> was just notified that new text
2020-05-03 18:04:12,378 - Notifications_bot.INFO: <User 1 ilya-vodopyanov> was just notified that new text
2020-05-03 18:04:17,625 - Notifications_bot.WARNING: Wrong code from 723783703
2020-05-03 18:04:17,625 - Notifications_bot.WARNING: Wrong code from 723783703
2020-05-03 18:04:17,625 - Notifications_bot.WARNING: Wrong code from 723783703
2020-05-03 18:04:17,625 - Notifications_bot.WARNING: Wrong code from 723783703
2020-05-03 18:04:17,625 - Notifications_bot.WARNING: Wrong code from 723783703
2020-05-03 18:04:17,938 - Notifications_bot.INFO: –ê–∫–∫–∞—É–Ω—Ç teacher1 –ø—Ä–∏–≤—è–∑–∞–Ω –∫ 723783703
2020-05-03 18:04:17,938 - Notifications_bot.INFO: –ê–∫–∫–∞—É–Ω—Ç teacher1 –ø—Ä–∏–≤—è–∑–∞–Ω –∫ 723783703
2020-05-03 18:04:17,938 - Notifications_bot.INFO: –ê–∫–∫–∞—É–Ω—Ç teacher1 –ø—Ä–∏–≤—è–∑–∞–Ω –∫ 723783703
2020-05-03 18:04:17,938 - Notifications_bot.INFO: –ê–∫–∫–∞—É–Ω—Ç teacher1 –ø—Ä–∏–≤—è–∑–∞–Ω –∫ 723783703
2020-05-03 18:04:17,938 - Notifications_bot.INFO: –ê–∫–∫–∞—É–Ω—Ç teacher1 –ø—Ä–∏–≤—è–∑–∞–Ω –∫ 723783703
2020-05-03 18:04:28,187 - Notifications_bot.INFO: <User 1 ilya-vodopyanov> was just notified that hello
2020-05-03 18:04:28,187 - Notifications_bot.INFO: <User 1 ilya-vodopyanov> was just notified that hello
2020-05-03 18:04:28,187 - Notifications_bot.INFO: <User 1 ilya-vodopyanov> was just notified that hello
2020-05-03 18:04:28,187 - Notifications_bot.INFO: <User 1 ilya-vodopyanov> was just notified that hello
2020-05-03 18:04:28,187 - Notifications_bot.INFO: <User 1 ilya-vodopyanov> was just notified that hello
2020-05-03 18:04:28,187 - Notifications_bot.INFO: <User 1 ilya-vodopyanov> was just notified that hello
2020-05-03 18:04:28,329 - Notifications_bot.INFO: <User 2 teacher1> was just notified that hello
2020-05-03 18:04:28,329 - Notifications_bot.INFO: <User 2 teacher1> was just notified that hello
2020-05-03 18:04:28,329 - Notifications_bot.INFO: <User 2 teacher1> was just notified that hello
2020-05-03 18:04:28,329 - Notifications_bot.INFO: <User 2 teacher1> was just notified that hello
2020-05-03 18:04:28,329 - Notifications_bot.INFO: <User 2 teacher1> was just notified that hello
2020-05-03 18:04:28,329 - Notifications_bot.INFO: <User 2 teacher1> was just notified that hello
2020-05-05 18:49:30,420 - Notifications_bot.INFO: –ê–∫–∫–∞—É–Ω—Ç student1 –ø—Ä–∏–≤—è–∑–∞–Ω –∫ 888848705
2020-05-05 18:49:30,439 - Notifications_bot.WARNING: Wrong code from 888848705
2020-05-05 18:52:41,537 - Notifications_bot.INFO: <User 4 student1> was just notified that –í–∞—Å —É–¥–∞–ª–∏–ª–∏ –∏–∑ –≥—Ä—É–ø–ø—ã Class A (teacher1)
–ü–æ—Å–º–æ—Ç—Ä–µ—Ç—å: /groups
2020-05-05 18:53:31,541 - Notifications_bot.INFO: <User 4 student1> was just notified that –í–∞—Å –¥–æ–±–∞–≤–∏–ª–∏ –≤ –≥—Ä—É–ø–ø—É Class A (teacher1)
–ü–æ—Å–º–æ—Ç—Ä–µ—Ç—å: ilyav.pythonanywhere.com//groups
2020-05-05 18:54:03,483 - Notifications_bot.INFO: <User 4 student1> was just notified that –í–∞–º –æ—Ç–∫—Ä—ã–ª–∏ –¥–æ—Å—Ç—É–ø –∫ —Ç–µ—Å—Ç—É Arithmetic 3
–ü–æ—Å–º–æ—Ç—Ä–µ—Ç—å: ilyav.pythonanywhere.com/
2020-05-05 19:16:22,368 - Notifications_bot.INFO: –ê–∫–∫–∞—É–Ω—Ç marina –ø—Ä–∏–≤—è–∑–∞–Ω –∫ 888848705
2020-05-05 19:25:43,527 - Notifications_bot.INFO: marina –æ—Ç–≤—è–∑–∞–ª –∞–∫–∫–∞—É–Ω—Ç
2020-05-05 19:29:05,678 - Notifications_bot.INFO: marina –æ—Ç–≤—è–∑–∞–ª –∞–∫–∫–∞—É–Ω—Ç
2020-05-05 19:32:39,375 - Notifications_bot.INFO: marina –æ—Ç–≤—è–∑–∞–ª –∞–∫–∫–∞—É–Ω—Ç
2020-05-05 22:38:25,637 - Notifications_bot.INFO: marina ÓÚ‚ˇÁ‡Î ‡ÍÍ‡ÛÌÚ
2020-05-05 22:46:13,406 - Notifications_bot.INFO: marina ÓÚ‚ˇÁ‡Î ‡ÍÍ‡ÛÌÚ
2020-05-05 22:46:16,841 - Notifications_bot.INFO: marina ÓÚ‚ˇÁ‡Î ‡ÍÍ‡ÛÌÚ
2020-05-05 22:47:23,807 - Notifications_bot.INFO: marina ÓÚ‚ˇÁ‡Î ‡ÍÍ‡ÛÌÚ
2020-05-05 22:49:42,132 - Notifications_bot.INFO: marina ÓÚ‚ˇÁ‡Î ‡ÍÍ‡ÛÌÚ
2020-05-05 22:52:38,460 - Notifications_bot.INFO: marina ÓÚ‚ˇÁ‡Î ‡ÍÍ‡ÛÌÚ
2020-05-05 22:54:49,813 - Notifications_bot.INFO: marina ÓÚ‚ˇÁ‡Î ‡ÍÍ‡ÛÌÚ
2020-05-05 20:01:59,109 - Notifications_bot.WARNING: Wrong code from 888848705
2020-05-05 20:01:59,410 - Notifications_bot.INFO: –ê–∫–∫–∞—É–Ω—Ç student1 –ø—Ä–∏–≤—è–∑–∞–Ω –∫ 888848705
2020-05-05 20:12:06,247 - Notifications_bot.INFO: student1 was just notified that –í–∞—Å —É–¥–∞–ª–∏–ª–∏ –∏–∑ –≥—Ä—É–ø–ø—ã Class A (teacher1)
–ü–æ—Å–º–æ—Ç—Ä–µ—Ç—å: ilyav.pythonanywhere.com/groups
2020-05-05 20:12:12,330 - Notifications_bot.INFO: student1 was just notified that –í–∞—Å –¥–æ–±–∞–≤–∏–ª–∏ –≤ –≥—Ä—É–ø–ø—É Class A (teacher1)
–ü–æ—Å–º–æ—Ç—Ä–µ—Ç—å: ilyav.pythonanywhere.com/groups
2020-05-05 20:12:25,724 - Notifications_bot.INFO: student1 was just notified that –í–∞–º –æ—Ç–∫—Ä—ã–ª–∏ –¥–æ—Å—Ç—É–ø –∫ —Ç–µ—Å—Ç—É Arithmetic 4
–ü–æ—Å–º–æ—Ç—Ä–µ—Ç—å: ilyav.pythonanywhere.com/
2020-05-05 20:12:39,941 - Notifications_bot.INFO: student1 was just notified that –£ –≤–∞—Å –±–æ–ª—å—à–µ –Ω–µ—Ç –¥–æ—Å—Ç—É–ø–∞ –∫ —Ç–µ—Å—Ç—É Arithmetic 4
–ü–æ—Å–º–æ—Ç—Ä–µ—Ç—å: ilyav.pythonanywhere.com/
2020-05-05 20:12:43,710 - Notifications_bot.INFO: student1 was just notified that –£ –≤–∞—Å –±–æ–ª—å—à–µ –Ω–µ—Ç –¥–æ—Å—Ç—É–ø–∞ –∫ —Ç–µ—Å—Ç—É Arithmetic 3
–ü–æ—Å–º–æ—Ç—Ä–µ—Ç—å: ilyav.pythonanywhere.com/
2020-05-06 09:49:46,169 - Notifications_bot.INFO: student1 was just notified that –í–∞–º –æ—Ç–∫—Ä—ã–ª–∏ –¥–æ—Å—Ç—É–ø –∫ —Ç–µ—Å—Ç—É Arithmetic 3
–ü–æ—Å–º–æ—Ç—Ä–µ—Ç—å: ilyav.pythonanywhere.com/
2020-05-06 09:50:00,682 - Notifications_bot.INFO: student1 was just notified that –£ –≤–∞—Å –±–æ–ª—å—à–µ –Ω–µ—Ç –¥–æ—Å—Ç—É–ø–∞ –∫ —Ç–µ—Å—Ç—É Arithmetic 2
–ü–æ—Å–º–æ—Ç—Ä–µ—Ç—å: ilyav.pythonanywhere.com/
2020-05-06 09:51:06,125 - Notifications_bot.INFO: student1 was just notified that –í–∞–º –æ—Ç–∫—Ä—ã–ª–∏ –¥–æ—Å—Ç—É–ø –∫ —Ç–µ—Å—Ç—É Arithmetic 2
–ü–æ—Å–º–æ—Ç—Ä–µ—Ç—å: ilyav.pythonanywhere.com/
2020-05-06 09:51:09,843 - Notifications_bot.INFO: student1 was just notified that –£ –≤–∞—Å –±–æ–ª—å—à–µ –Ω–µ—Ç –¥–æ—Å—Ç—É–ø–∞ –∫ —Ç–µ—Å—Ç—É Arithmetic 3
–ü–æ—Å–º–æ—Ç—Ä–µ—Ç—å: ilyav.pythonanywhere.com/
2020-05-06 09:52:45,405 - Notifications_bot.INFO: student1 was just notified that –í–∞–º –æ—Ç–∫—Ä—ã–ª–∏ –¥–æ—Å—Ç—É–ø –∫ —Ç–µ—Å—Ç—É Arithmetic 3
–ü–æ—Å–º–æ—Ç—Ä–µ—Ç—å: ilyav.pythonanywhere.com/
2020-05-06 09:53:42,663 - Notifications_bot.INFO: –ê–∫–∫–∞—É–Ω—Ç ilya-vodopyanov –ø—Ä–∏–≤—è–∑–∞–Ω –∫ 888848705
2020-05-06 09:53:48,994 - Notifications_bot.INFO: ilya-vodopyanov –æ—Ç–≤—è–∑–∞–ª –∞–∫–∫–∞—É–Ω—Ç
2020-05-06 12:15:54,312 - Notifications_bot.INFO: student1 –æ—Ç–≤—è–∑–∞–ª –∞–∫–∫–∞—É–Ω—Ç
2020-05-06 12:16:27,121 - Notifications_bot.INFO: –ê–∫–∫–∞—É–Ω—Ç ilya-vodopyanov –ø—Ä–∏–≤—è–∑–∞–Ω –∫ 888848705
2020-05-06 12:16:27,355 - Notifications_bot.INFO: –ê–∫–∫–∞—É–Ω—Ç student4 –ø—Ä–∏–≤—è–∑–∞–Ω –∫ 888848705
2020-05-06 12:16:27,513 - Notifications_bot.INFO: –ê–∫–∫–∞—É–Ω—Ç ksusha –ø—Ä–∏–≤—è–∑–∞–Ω –∫ 888848705
2020-05-06 12:16:48,462 - Notifications_bot.INFO: –ê–∫–∫–∞—É–Ω—Ç marina –ø—Ä–∏–≤—è–∑–∞–Ω –∫ 888848705
2020-05-06 12:17:46,492 - Notifications_bot.INFO: ilya-vodopyanov –æ—Ç–≤—è–∑–∞–ª –∞–∫–∫–∞—É–Ω—Ç
2020-05-06 12:18:03,957 - Notifications_bot.INFO: student4 –æ—Ç–≤—è–∑–∞–ª –∞–∫–∫–∞—É–Ω—Ç
2020-05-06 12:18:28,377 - Notifications_bot.INFO: ksusha was just notified that –£ –≤–∞—Å –±–æ–ª—å—à–µ –Ω–µ—Ç –¥–æ—Å—Ç—É–ø–∞ –∫ —Ç–µ—Å—Ç—É –ê—Ä–∏—Ñ–º–µ—Ç–∏–∫–∞ 1
–ü–æ—Å–º–æ—Ç—Ä–µ—Ç—å: https://ilyav.pythonanywhere.com/
2020-05-06 12:18:29,881 - Notifications_bot.INFO: ksusha was just notified that –£ –≤–∞—Å –±–æ–ª—å—à–µ –Ω–µ—Ç –¥–æ—Å—Ç—É–ø–∞ –∫ —Ç–µ—Å—Ç—É –ê—Ä–∏—Ñ–º–µ—Ç–∏–∫–∞ 2
–ü–æ—Å–º–æ—Ç—Ä–µ—Ç—å: https://ilyav.pythonanywhere.com/
2020-05-06 12:18:31,097 - Notifications_bot.INFO: ksusha was just notified that –£ –≤–∞—Å –±–æ–ª—å—à–µ –Ω–µ—Ç –¥–æ—Å—Ç—É–ø–∞ –∫ —Ç–µ—Å—Ç—É –ê—Ä–∏—Ñ–º–µ—Ç–∏–∫–∞ 3
–ü–æ—Å–º–æ—Ç—Ä–µ—Ç—å: https://ilyav.pythonanywhere.com/
2020-05-06 12:18:32,477 - Notifications_bot.INFO: ksusha was just notified that –£ –≤–∞—Å –±–æ–ª—å—à–µ –Ω–µ—Ç –¥–æ—Å—Ç—É–ø–∞ –∫ —Ç–µ—Å—Ç—É –ê—Ä–∏—Ñ–º–µ—Ç–∏–∫–∞ 4
–ü–æ—Å–º–æ—Ç—Ä–µ—Ç—å: https://ilyav.pythonanywhere.com/
2020-05-06 12:18:33,618 - Notifications_bot.INFO: ksusha was just notified that –£ –≤–∞—Å –±–æ–ª—å—à–µ –Ω–µ—Ç –¥–æ—Å—Ç—É–ø–∞ –∫ —Ç–µ—Å—Ç—É –ê—Ä–∏—Ñ–º–µ—Ç–∏–∫–∞ 5
–ü–æ—Å–º–æ—Ç—Ä–µ—Ç—å: https://ilyav.pythonanywhere.com/
2020-05-06 12:18:34,886 - Notifications_bot.INFO: ksusha was just notified that –£ –≤–∞—Å –±–æ–ª—å—à–µ –Ω–µ—Ç –¥–æ—Å—Ç—É–ø–∞ –∫ —Ç–µ—Å—Ç—É –ê—Ä–∏—Ñ–º–µ—Ç–∏–∫–∞ 6
–ü–æ—Å–º–æ—Ç—Ä–µ—Ç—å: https://ilyav.pythonanywhere.com/
2020-05-06 12:18:37,033 - Notifications_bot.INFO: ksusha was just notified that –í–∞—Å —É–¥–∞–ª–∏–ª–∏ –∏–∑ –≥—Ä—É–ø–ø—ã –î–µ—Ç—Å–∫–∏–π —Å–∞–¥ (marina)
–ü–æ—Å–º–æ—Ç—Ä–µ—Ç—å: https://ilyav.pythonanywhere.com/groups
2020-05-06 12:19:40,778 - Notifications_bot.INFO: ksusha was just notified that –í–∞—Å –¥–æ–±–∞–≤–∏–ª–∏ –≤ –≥—Ä—É–ø–ø—É –î–µ—Ç—Å–∫–∏–π —Å–∞–¥ (marina)
–ü–æ—Å–º–æ—Ç—Ä–µ—Ç—å: https://ilyav.pythonanywhere.com/groups
2020-05-06 12:19:45,686 - Notifications_bot.INFO: ksusha was just notified that –í–∞–º –æ—Ç–∫—Ä—ã–ª–∏ –¥–æ—Å—Ç—É–ø –∫ —Ç–µ—Å—Ç—É –ê—Ä–∏—Ñ–º–µ—Ç–∏–∫–∞ 1
–ü–æ—Å–º–æ—Ç—Ä–µ—Ç—å: https://ilyav.pythonanywhere.com/
2020-05-06 12:19:47,024 - Notifications_bot.INFO: ksusha was just notified that –í–∞–º –æ—Ç–∫—Ä—ã–ª–∏ –¥–æ—Å—Ç—É–ø –∫ —Ç–µ—Å—Ç—É –ê—Ä–∏—Ñ–º–µ—Ç–∏–∫–∞ 2
–ü–æ—Å–º–æ—Ç—Ä–µ—Ç—å: https://ilyav.pythonanywhere.com/
2020-05-06 12:19:51,248 - Notifications_bot.INFO: ksusha was just notified that –í–∞–º –æ—Ç–∫—Ä—ã–ª–∏ –¥–æ—Å—Ç—É–ø –∫ —Ç–µ—Å—Ç—É –ê—Ä–∏—Ñ–º–µ—Ç–∏–∫–∞ 3
–ü–æ—Å–º–æ—Ç—Ä–µ—Ç—å: https://ilyav.pythonanywhere.com/
2020-05-06 12:19:52,704 - Notifications_bot.INFO: ksusha was just notified that –í–∞–º –æ—Ç–∫—Ä—ã–ª–∏ –¥–æ—Å—Ç—É–ø –∫ —Ç–µ—Å—Ç—É –ê—Ä–∏—Ñ–º–µ—Ç–∏–∫–∞ 4
–ü–æ—Å–º–æ—Ç—Ä–µ—Ç—å: https://ilyav.pythonanywhere.com/
2020-05-06 12:19:54,060 - Notifications_bot.INFO: ksusha was just notified that –í–∞–º –æ—Ç–∫—Ä—ã–ª–∏ –¥–æ—Å—Ç—É–ø –∫ —Ç–µ—Å—Ç—É –ê—Ä–∏—Ñ–º–µ—Ç–∏–∫–∞ 5
–ü–æ—Å–º–æ—Ç—Ä–µ—Ç—å: https://ilyav.pythonanywhere.com/
2020-05-06 12:19:55,353 - Notifications_bot.INFO: ksusha was just notified that –í–∞–º –æ—Ç–∫—Ä—ã–ª–∏ –¥–æ—Å—Ç—É–ø –∫ —Ç–µ—Å—Ç—É –ê—Ä–∏—Ñ–º–µ—Ç–∏–∫–∞ 6
–ü–æ—Å–º–æ—Ç—Ä–µ—Ç—å: https://ilyav.pythonanywhere.com/
2020-05-06 12:20:52,136 - Notifications_bot.INFO: marina was just notified that ksusha –ø—Ä–æ—à—ë–ª —Ç–µ—Å—Ç –ê—Ä–∏—Ñ–º–µ—Ç–∏–∫–∞ 1
–ü–æ—Å–º–æ—Ç—Ä–µ—Ç—å: https://ilyav.pythonanywhere.com/statistics/6
2020-05-06 12:24:34,391 - Notifications_bot.INFO: marina was just notified that ksusha –∑–∞–≤–µ—Ä—à–∏–ª(–∞) —Ç–µ—Å—Ç –ê—Ä–∏—Ñ–º–µ—Ç–∏–∫–∞ 1 (5/5)
–ü–æ—Å–º–æ—Ç—Ä–µ—Ç—å: https://ilyav.pythonanywhere.com/statistics/6
2020-05-06 12:25:06,939 - Notifications_bot.INFO: ksusha –æ—Ç–≤—è–∑–∞–ª –∞–∫–∫–∞—É–Ω—Ç
2020-05-06 12:25:19,381 - Notifications_bot.INFO: marina –æ—Ç–≤—è–∑–∞–ª –∞–∫–∫–∞—É–Ω—Ç
